<?xml version="1.0" encoding="UTF-8"?>
<!-- Generated by org.testng.reporters.JUnitXMLReporter -->
<testsuite ignored="0" hostname="LP-TZD-0X139839" failures="0" tests="1" name="Chrome-Test" time="0.13" errors="0" timestamp="2026-02-05T12:29:18 IST">
  <testcase classname="com.base.BaseTest" name="@BeforeMethod setup" time="0.02">
    <failure type="java.lang.Error" message="Unresolved compilation problems: 
	DriverFactory cannot be resolved
	PropertyUtils cannot be resolved
">
      <![CDATA[java.lang.Error: Unresolved compilation problems: 
DriverFactory cannot be resolved
PropertyUtils cannot be resolved

at com.base.BaseTest.setup(BaseTest.java:23)
at java.base/java.util.ArrayList.forEach(ArrayList.java:1596)
at java.base/java.util.concurrent.FutureTask.run(FutureTask.java:317)
at java.base/java.util.concurrent.ThreadPoolExecutor.runWorker(ThreadPoolExecutor.java:1144)
at java.base/java.util.concurrent.ThreadPoolExecutor$Worker.run(ThreadPoolExecutor.java:642)
at java.base/java.lang.Thread.run(Thread.java:1583)
... Removed 19 stack frames]]>
    </failure>
  </testcase> <!-- @BeforeMethod setup -->
  <testcase classname="com.base.BaseTest" name="@BeforeMethod setup" time="0.02">
    <failure type="java.lang.Error" message="Unresolved compilation problems: 
	DriverFactory cannot be resolved
	PropertyUtils cannot be resolved
">
      <![CDATA[java.lang.Error: Unresolved compilation problems: 
DriverFactory cannot be resolved
PropertyUtils cannot be resolved

at com.base.BaseTest.setup(BaseTest.java:23)
at java.base/java.util.ArrayList.forEach(ArrayList.java:1596)
at java.base/java.util.concurrent.FutureTask.run(FutureTask.java:317)
at java.base/java.util.concurrent.ThreadPoolExecutor.runWorker(ThreadPoolExecutor.java:1144)
at java.base/java.util.concurrent.ThreadPoolExecutor$Worker.run(ThreadPoolExecutor.java:642)
at java.base/java.lang.Thread.run(Thread.java:1583)
... Removed 19 stack frames]]>
    </failure>
  </testcase> <!-- @BeforeMethod setup -->
  <testcase classname="com.base.BaseTest" name="@AfterMethod tearDown" time="0.0">
    <skipped/>
  </testcase> <!-- @AfterMethod tearDown -->
  <testcase classname="com.base.BaseTest" name="@AfterMethod tearDown" time="0.0">
    <skipped/>
  </testcase> <!-- @AfterMethod tearDown -->
  <testcase classname="com.tests.LoginTest" name="verifyLoginAndTextFromExcel" time="0.0">
    <skipped/>
  </testcase> <!-- verifyLoginAndTextFromExcel -->
</testsuite> <!-- Chrome-Test -->
